#
# A fatal error has been detected by the Java Runtime Environment:
#
#  EXCEPTION_ACCESS_VIOLATION (0xc0000005) at pc=0x000000005d89a3c5, pid=364, tid=8324
#
# JRE version: Java(TM) SE Runtime Environment (8.0_25-b18) (build 1.8.0_25-b18)
# Java VM: Java HotSpot(TM) 64-Bit Server VM (25.25-b02 mixed mode windows-amd64 compressed oops)
# Problematic frame:
# V  [jvm.dll+0x11a3c5]
#
# Failed to write core dump. Minidumps are not enabled by default on client versions of Windows
#
# If you would like to submit a bug report, please visit:
#   http://bugreport.sun.com/bugreport/crash.jsp
#

---------------  T H R E A D  ---------------

Current thread (0x0000000018c31000):  JavaThread "JDWP Transport Listener: dt_socket" daemon [_thread_in_vm, id=8324, stack(0x00000000193c0000,0x00000000194c0000)]

siginfo: ExceptionCode=0xc0000005, reading address 0xffffffffffffffff

Registers:
RAX=0x00000000194bf001, RBX=0x0000000018c31000, RCX=0x6f2b0001e601e501, RDX=0x0000000000000000
RSP=0x00000000194befe0, RBP=0x6f2b0001e601e501, RSI=0x00000000194bf0f8, RDI=0x00000000021faa20
R8 =0x0000000018c31000, R9 =0x0515c9c9027100cb, R10=0x0000000000000000, R11=0x000000001a1f5988
R12=0x0000000000000000, R13=0x0000000018c39008, R14=0x0000000000000000, R15=0x0000000000000000
RIP=0x000000005d89a3c5, EFLAGS=0x0000000000010202

Top of Stack: (sp=0x00000000194befe0)
0x00000000194befe0:   0000000018c31000 0000000018c31000
0x00000000194beff0:   00000000194bf0a8 000000005da978db
0x00000000194bf000:   0000000018c31000 000000005dab413d
0x00000000194bf010:   0000000000000000 00000000528a9149
0x00000000194bf020:   000000001dfc85e0 00000000528b2912
0x00000000194bf030:   0000000018c31000 0000000000000000
0x00000000194bf040:   0000000000000000 0000000000000000
0x00000000194bf050:   6f2b0001e601e501 00000000528b1a09
0x00000000194bf060:   00000000194bf0f8 00000000194bf0d0
0x00000000194bf070:   0000000000000001 000000001dfc85e0
0x00000000194bf080:   6f2b0001e601e501 00000000528953b3
0x00000000194bf090:   00000000194bf1c0 0000000000000001
0x00000000194bf0a0:   0000000000000001 000000001dfc85e0
0x00000000194bf0b0:   00000000f0001008 0000000000000000
0x00000000194bf0c0:   0000000000000000 0000000000000000
0x00000000194bf0d0:   0000000000000001 0000000052895571 

Instructions: (pc=0x000000005d89a3c5)
0x000000005d89a3a5:   cc cc cc cc cc cc cc cc cc cc cc 48 83 ec 28 48
0x000000005d89a3b5:   85 c9 75 07 33 c0 48 83 c4 28 c3 48 89 5c 24 20
0x000000005d89a3c5:   48 8b 19 48 85 db 74 20 48 83 fb 37 74 1a 48 8b
0x000000005d89a3d5:   13 48 8b cb ff 52 10 84 c0 74 0d 48 8b c3 48 8b 


Register to memory mapping:

RAX=0x00000000194bf001 is pointing into the stack for thread: 0x0000000018c31000
RBX=0x0000000018c31000 is a thread
RCX=0x6f2b0001e601e501 is an unknown value
RDX=0x0000000000000000 is an unknown value
RSP=0x00000000194befe0 is pointing into the stack for thread: 0x0000000018c31000
RBP=0x6f2b0001e601e501 is an unknown value
RSI=0x00000000194bf0f8 is pointing into the stack for thread: 0x0000000018c31000
RDI=0x00000000021faa20 is an unknown value
R8 =0x0000000018c31000 is a thread
R9 =0x0515c9c9027100cb is an unknown value
R10=0x0000000000000000 is an unknown value
R11=0x000000001a1f5988 is an unknown value
R12=0x0000000000000000 is an unknown value
R13=0x0000000018c39008 is an unknown value
R14=0x0000000000000000 is an unknown value
R15=0x0000000000000000 is an unknown value


Stack: [0x00000000193c0000,0x00000000194c0000],  sp=0x00000000194befe0,  free space=1019k
Native frames: (J=compiled Java code, j=interpreted, Vv=VM code, C=native code)
V  [jvm.dll+0x11a3c5]
V  [jvm.dll+0x33413d]
C  [jdwp.dll+0x21a09]
C  [jdwp.dll+0x53b3]
C  [jdwp.dll+0x5571]
C  [jdwp.dll+0xf09c]
C  [jdwp.dll+0x1f2c9]
C  [jdwp.dll+0x1f49e]
V  [jvm.dll+0x1abba8]
V  [jvm.dll+0x22bde4]
V  [jvm.dll+0x2852fa]
C  [msvcr100.dll+0x21d9f]
C  [msvcr100.dll+0x21e3b]
C  [kernel32.dll+0x159ed]
C  [ntdll.dll+0x2c541]


---------------  P R O C E S S  ---------------

Java Threads: ( => current thread )
  0x000000001d523000 JavaThread "pool-2-thread-1" [_thread_blocked, id=7056, stack(0x0000000020740000,0x0000000020840000)]
  0x000000001a2ca800 JavaThread "Prism Font Disposer" daemon [_thread_blocked, id=7724, stack(0x000000001f350000,0x000000001f450000)]
  0x0000000019f93000 JavaThread "Thread-3" daemon [_thread_in_native, id=4592, stack(0x000000001c740000,0x000000001c840000)]
  0x000000001900e800 JavaThread "JavaFX-Launcher" [_thread_blocked, id=8788, stack(0x000000001c5d0000,0x000000001c6d0000)]
  0x0000000018fed800 JavaThread "JavaFX Application Thread" [_thread_in_native, id=8632, stack(0x000000001ad40000,0x000000001ae40000)]
  0x0000000018fe8800 JavaThread "Thread-1" daemon [_thread_blocked, id=6892, stack(0x000000001aa70000,0x000000001ab70000)]
  0x0000000018f81800 JavaThread "QuantumRenderer-0" daemon [_thread_blocked, id=9032, stack(0x000000001a7f0000,0x000000001a8f0000)]
  0x0000000018cd3800 JavaThread "Service Thread" daemon [_thread_blocked, id=6228, stack(0x0000000019c70000,0x0000000019d70000)]
  0x0000000018c5b800 JavaThread "C1 CompilerThread2" daemon [_thread_blocked, id=8116, stack(0x0000000019aa0000,0x0000000019ba0000)]
  0x0000000018c52800 JavaThread "C2 CompilerThread1" daemon [_thread_blocked, id=7076, stack(0x0000000019220000,0x0000000019320000)]
  0x0000000018c4f000 JavaThread "C2 CompilerThread0" daemon [_thread_blocked, id=4648, stack(0x0000000019850000,0x0000000019950000)]
  0x0000000018c40000 JavaThread "JDWP Command Reader" daemon [_thread_in_native, id=9172, stack(0x00000000196a0000,0x00000000197a0000)]
  0x0000000018c3c800 JavaThread "JDWP Event Helper Thread" daemon [_thread_blocked, id=6440, stack(0x0000000019550000,0x0000000019650000)]
=>0x0000000018c31000 JavaThread "JDWP Transport Listener: dt_socket" daemon [_thread_in_vm, id=8324, stack(0x00000000193c0000,0x00000000194c0000)]
  0x0000000017467800 JavaThread "Attach Listener" daemon [_thread_blocked, id=4016, stack(0x0000000018b30000,0x0000000018c30000)]
  0x0000000017466800 JavaThread "Signal Dispatcher" daemon [_thread_blocked, id=4572, stack(0x0000000018a00000,0x0000000018b00000)]
  0x0000000017404000 JavaThread "Finalizer" daemon [_thread_blocked, id=4304, stack(0x00000000188a0000,0x00000000189a0000)]
  0x00000000173fb000 JavaThread "Reference Handler" daemon [_thread_blocked, id=3960, stack(0x0000000018610000,0x0000000018710000)]
  0x0000000002069000 JavaThread "main" [_thread_blocked, id=1680, stack(0x00000000023d0000,0x00000000024d0000)]

Other Threads:
  0x00000000173f7800 VMThread [stack: 0x0000000018490000,0x0000000018590000] [id=1800]
  0x0000000018ce2000 WatcherThread [stack: 0x0000000019e80000,0x0000000019f80000] [id=876]

VM state:not at safepoint (normal execution)

VM Mutex/Monitor currently owned by a thread: None

Heap:
 PSYoungGen      total 72704K, used 4958K [0x00000000d5d00000, 0x00000000dc880000, 0x0000000100000000)
  eden space 61952K, 8% used [0x00000000d5d00000,0x00000000d61d7af0,0x00000000d9980000)
  from space 10752K, 0% used [0x00000000da580000,0x00000000da580000,0x00000000db000000)
  to   space 12288K, 0% used [0x00000000d9980000,0x00000000d9980000,0x00000000da580000)
 ParOldGen       total 114176K, used 19724K [0x0000000081600000, 0x0000000088580000, 0x00000000d5d00000)
  object space 114176K, 17% used [0x0000000081600000,0x0000000082943278,0x0000000088580000)
 Metaspace       used 34301K, capacity 35706K, committed 35752K, reserved 1079296K
  class space    used 4873K, capacity 5100K, committed 5120K, reserved 1048576K

Card table byte_map: [0x0000000011b60000,0x0000000011f60000] byte_map_base: 0x0000000011755000

Marking Bits: (ParMarkBitMap*) 0x000000005df5d490
 Begin Bits: [0x0000000012720000, 0x00000000146c8000)
 End Bits:   [0x00000000146c8000, 0x0000000016670000)

Polling page: 0x0000000000220000

CodeCache: size=245760Kb used=13730Kb max_used=14311Kb free=232029Kb
 bounds [0x00000000027a0000, 0x00000000035c0000, 0x00000000117a0000]
 total_blobs=4934 nmethods=4183 adapters=671
 compilation: enabled

Compilation events (10 events):
Event: 71.992 Thread 0x0000000018c5b800 4610       1       sun.nio.cs.StreamEncoder::isOpen (5 bytes)
Event: 71.992 Thread 0x0000000018c5b800 nmethod 4610 0x0000000002e30350 code [0x0000000002e304a0, 0x0000000002e305b0]
Event: 71.996 Thread 0x0000000018c5b800 4611       3       com.sun.javafx.geom.Path2D::appendOvalQuadrant (567 bytes)
Event: 71.996 Thread 0x0000000018c5b800 nmethod 4611 0x0000000002b48350 code [0x0000000002b48580, 0x0000000002b495e8]
Event: 71.997 Thread 0x0000000018c5b800 4613       3       com.sun.prism.impl.ps.BaseShaderGraphics::renderShape (284 bytes)
Event: 71.998 Thread 0x0000000018c5b800 nmethod 4613 0x0000000002b4c510 code [0x0000000002b4c760, 0x0000000002b4d688]
Event: 71.999 Thread 0x0000000018c5b800 4612       3       com.sun.javafx.geom.Path2D::<init> (26 bytes)
Event: 71.999 Thread 0x0000000018c5b800 nmethod 4612 0x0000000002a42810 code [0x0000000002a429a0, 0x0000000002a42f08]
Event: 86.314 Thread 0x0000000018c4f000 4614       4       com.sun.javafx.tk.quantum.QuantumToolkit$$Lambda$42/1122546128::run (8 bytes)
Event: 86.325 Thread 0x0000000018c4f000 nmethod 4614 0x0000000002b8b350 code [0x0000000002b8b4c0, 0x0000000002b8b848]

GC Heap History (10 events):
Event: 2.785 GC heap before
{Heap before GC invocations=4 (full 1):
 PSYoungGen      total 38400K, used 5094K [0x00000000d5d00000, 0x00000000da800000, 0x0000000100000000)
  eden space 33280K, 0% used [0x00000000d5d00000,0x00000000d5d00000,0x00000000d7d80000)
  from space 5120K, 99% used [0x00000000d7d80000,0x00000000d8279b20,0x00000000d8280000)
  to   space 5120K, 0% used [0x00000000da300000,0x00000000da300000,0x00000000da800000)
 ParOldGen       total 87552K, used 5405K [0x0000000081600000, 0x0000000086b80000, 0x00000000d5d00000)
  object space 87552K, 6% used [0x0000000081600000,0x0000000081b47618,0x0000000086b80000)
 Metaspace       used 20486K, capacity 21130K, committed 21296K, reserved 1067008K
  class space    used 2945K, capacity 3100K, committed 3200K, reserved 1048576K
Event: 2.838 GC heap after
Heap after GC invocations=4 (full 1):
 PSYoungGen      total 38400K, used 0K [0x00000000d5d00000, 0x00000000da800000, 0x0000000100000000)
  eden space 33280K, 0% used [0x00000000d5d00000,0x00000000d5d00000,0x00000000d7d80000)
  from space 5120K, 0% used [0x00000000d7d80000,0x00000000d7d80000,0x00000000d8280000)
  to   space 5120K, 0% used [0x00000000da300000,0x00000000da300000,0x00000000da800000)
 ParOldGen       total 67072K, used 10283K [0x0000000081600000, 0x0000000085780000, 0x00000000d5d00000)
  object space 67072K, 15% used [0x0000000081600000,0x000000008200aee8,0x0000000085780000)
 Metaspace       used 20485K, capacity 21128K, committed 21296K, reserved 1067008K
  class space    used 2945K, capacity 3099K, committed 3200K, reserved 1048576K
}
Event: 3.542 GC heap before
{Heap before GC invocations=5 (full 1):
 PSYoungGen      total 38400K, used 33280K [0x00000000d5d00000, 0x00000000da800000, 0x0000000100000000)
  eden space 33280K, 100% used [0x00000000d5d00000,0x00000000d7d80000,0x00000000d7d80000)
  from space 5120K, 0% used [0x00000000d7d80000,0x00000000d7d80000,0x00000000d8280000)
  to   space 5120K, 0% used [0x00000000da300000,0x00000000da300000,0x00000000da800000)
 ParOldGen       total 67072K, used 10283K [0x0000000081600000, 0x0000000085780000, 0x00000000d5d00000)
  object space 67072K, 15% used [0x0000000081600000,0x000000008200aee8,0x0000000085780000)
 Metaspace       used 25943K, capacity 26644K, committed 26880K, reserved 1073152K
  class space    used 3642K, capacity 3805K, committed 3840K, reserved 1048576K
Event: 3.548 GC heap after
Heap after GC invocations=5 (full 1):
 PSYoungGen      total 51712K, used 5100K [0x00000000d5d00000, 0x00000000da800000, 0x0000000100000000)
  eden space 46592K, 0% used [0x00000000d5d00000,0x00000000d5d00000,0x00000000d8a80000)
  from space 5120K, 99% used [0x00000000da300000,0x00000000da7fb040,0x00000000da800000)
  to   space 5120K, 0% used [0x00000000d9e00000,0x00000000d9e00000,0x00000000da300000)
 ParOldGen       total 67072K, used 10325K [0x0000000081600000, 0x0000000085780000, 0x00000000d5d00000)
  object space 67072K, 15% used [0x0000000081600000,0x00000000820154c8,0x0000000085780000)
 Metaspace       used 25943K, capacity 26644K, committed 26880K, reserved 1073152K
  class space    used 3642K, capacity 3805K, committed 3840K, reserved 1048576K
}
Event: 5.885 GC heap before
{Heap before GC invocations=6 (full 1):
 PSYoungGen      total 51712K, used 51692K [0x00000000d5d00000, 0x00000000da800000, 0x0000000100000000)
  eden space 46592K, 100% used [0x00000000d5d00000,0x00000000d8a80000,0x00000000d8a80000)
  from space 5120K, 99% used [0x00000000da300000,0x00000000da7fb040,0x00000000da800000)
  to   space 5120K, 0% used [0x00000000d9e00000,0x00000000d9e00000,0x00000000da300000)
 ParOldGen       total 67072K, used 10325K [0x0000000081600000, 0x0000000085780000, 0x00000000d5d00000)
  object space 67072K, 15% used [0x0000000081600000,0x00000000820154c8,0x0000000085780000)
 Metaspace       used 32450K, capacity 33768K, committed 34048K, reserved 1079296K
  class space    used 4571K, capacity 4817K, committed 4864K, reserved 1048576K
Event: 5.896 GC heap after
Heap after GC invocations=6 (full 1):
 PSYoungGen      total 68608K, used 5104K [0x00000000d5d00000, 0x00000000db000000, 0x0000000100000000)
  eden space 63488K, 0% used [0x00000000d5d00000,0x00000000d5d00000,0x00000000d9b00000)
  from space 5120K, 99% used [0x00000000d9e00000,0x00000000da2fc050,0x00000000da300000)
  to   space 10752K, 0% used [0x00000000da580000,0x00000000da580000,0x00000000db000000)
 ParOldGen       total 67072K, used 14954K [0x0000000081600000, 0x0000000085780000, 0x00000000d5d00000)
  object space 67072K, 22% used [0x0000000081600000,0x000000008249abe0,0x0000000085780000)
 Metaspace       used 32450K, capacity 33768K, committed 34048K, reserved 1079296K
  class space    used 4571K, capacity 4817K, committed 4864K, reserved 1048576K
}
Event: 7.855 GC heap before
{Heap before GC invocations=7 (full 1):
 PSYoungGen      total 68608K, used 32997K [0x00000000d5d00000, 0x00000000db000000, 0x0000000100000000)
  eden space 63488K, 43% used [0x00000000d5d00000,0x00000000d783d7a8,0x00000000d9b00000)
  from space 5120K, 99% used [0x00000000d9e00000,0x00000000da2fc050,0x00000000da300000)
  to   space 10752K, 0% used [0x00000000da580000,0x00000000da580000,0x00000000db000000)
 ParOldGen       total 67072K, used 14954K [0x0000000081600000, 0x0000000085780000, 0x00000000d5d00000)
  object space 67072K, 22% used [0x0000000081600000,0x000000008249abe0,0x0000000085780000)
 Metaspace       used 33990K, capacity 35406K, committed 35496K, reserved 1079296K
  class space    used 4839K, capacity 5090K, committed 5120K, reserved 1048576K
Event: 7.870 GC heap after
Heap after GC invocations=7 (full 1):
 PSYoungGen      total 72704K, used 10184K [0x00000000d5d00000, 0x00000000dc880000, 0x0000000100000000)
  eden space 61952K, 0% used [0x00000000d5d00000,0x00000000d5d00000,0x00000000d9980000)
  from space 10752K, 94% used [0x00000000da580000,0x00000000daf72220,0x00000000db000000)
  to   space 12288K, 0% used [0x00000000d9980000,0x00000000d9980000,0x00000000da580000)
 ParOldGen       total 67072K, used 14962K [0x0000000081600000, 0x0000000085780000, 0x00000000d5d00000)
  object space 67072K, 22% used [0x0000000081600000,0x000000008249cbe0,0x0000000085780000)
 Metaspace       used 33990K, capacity 35406K, committed 35496K, reserved 1079296K
  class space    used 4839K, capacity 5090K, committed 5120K, reserved 1048576K
}
Event: 7.870 GC heap before
{Heap before GC invocations=8 (full 2):
 PSYoungGen      total 72704K, used 10184K [0x00000000d5d00000, 0x00000000dc880000, 0x0000000100000000)
  eden space 61952K, 0% used [0x00000000d5d00000,0x00000000d5d00000,0x00000000d9980000)
  from space 10752K, 94% used [0x00000000da580000,0x00000000daf72220,0x00000000db000000)
  to   space 12288K, 0% used [0x00000000d9980000,0x00000000d9980000,0x00000000da580000)
 ParOldGen       total 67072K, used 14962K [0x0000000081600000, 0x0000000085780000, 0x00000000d5d00000)
  object space 67072K, 22% used [0x0000000081600000,0x000000008249cbe0,0x0000000085780000)
 Metaspace       used 33990K, capacity 35406K, committed 35496K, reserved 1079296K
  class space    used 4839K, capacity 5090K, committed 5120K, reserved 1048576K
Event: 7.983 GC heap after
Heap after GC invocations=8 (full 2):
 PSYoungGen      total 72704K, used 0K [0x00000000d5d00000, 0x00000000dc880000, 0x0000000100000000)
  eden space 61952K, 0% used [0x00000000d5d00000,0x00000000d5d00000,0x00000000d9980000)
  from space 10752K, 0% used [0x00000000da580000,0x00000000da580000,0x00000000db000000)
  to   space 12288K, 0% used [0x00000000d9980000,0x00000000d9980000,0x00000000da580000)
 ParOldGen       total 114176K, used 19724K [0x0000000081600000, 0x0000000088580000, 0x00000000d5d00000)
  object space 114176K, 17% used [0x0000000081600000,0x0000000082943278,0x0000000088580000)
 Metaspace       used 33990K, capacity 35406K, committed 35496K, reserved 1079296K
  class space    used 4839K, capacity 5090K, committed 5120K, reserved 1048576K
}

Deoptimization events (10 events):
Event: 17.781 Thread 0x0000000018fed800 Uncommon trap: reason=unhandled action=none pc=0x00000000031ff3b8 method=java.net.URLClassLoader$1.run()Ljava/lang/Class; @ 72
Event: 17.781 Thread 0x0000000018fed800 Uncommon trap: reason=unhandled action=none pc=0x00000000031ff3b8 method=java.net.URLClassLoader$1.run()Ljava/lang/Class; @ 72
Event: 17.781 Thread 0x0000000018fed800 Uncommon trap: reason=unhandled action=none pc=0x00000000031ff3b8 method=java.net.URLClassLoader$1.run()Ljava/lang/Class; @ 72
Event: 17.782 Thread 0x0000000018fed800 Uncommon trap: reason=unhandled action=none pc=0x00000000031ff3b8 method=java.net.URLClassLoader$1.run()Ljava/lang/Class; @ 72
Event: 17.783 Thread 0x0000000018fed800 Uncommon trap: reason=unhandled action=none pc=0x00000000031ff3b8 method=java.net.URLClassLoader$1.run()Ljava/lang/Class; @ 72
Event: 17.783 Thread 0x0000000018fed800 Uncommon trap: reason=unhandled action=none pc=0x00000000031ff3b8 method=java.net.URLClassLoader$1.run()Ljava/lang/Class; @ 72
Event: 17.784 Thread 0x0000000018fed800 Uncommon trap: reason=unhandled action=none pc=0x00000000031ff3b8 method=java.net.URLClassLoader$1.run()Ljava/lang/Class; @ 72
Event: 17.785 Thread 0x0000000018fed800 Uncommon trap: reason=unhandled action=none pc=0x00000000031ff3b8 method=java.net.URLClassLoader$1.run()Ljava/lang/Class; @ 72
Event: 17.786 Thread 0x0000000018fed800 Uncommon trap: reason=unhandled action=none pc=0x00000000031ff3b8 method=java.net.URLClassLoader$1.run()Ljava/lang/Class; @ 72
Event: 71.988 Thread 0x0000000018fed800 Uncommon trap: reason=unhandled action=none pc=0x00000000031ff3b8 method=java.net.URLClassLoader$1.run()Ljava/lang/Class; @ 72

Internal exceptions (10 events):
Event: 58.888 Thread 0x0000000018fed800 Exception <a 'java/security/PrivilegedActionException'> (0x00000000d6042518) thrown at [D:\re\workspace\8-2-build-windows-amd64-cygwin\jdk8u25\1677\hotspot\src\share\vm\prims\jvm.cpp, line 1312]
Event: 62.125 Thread 0x0000000018fed800 Exception <a 'java/security/PrivilegedActionException'> (0x00000000d60493a8) thrown at [D:\re\workspace\8-2-build-windows-amd64-cygwin\jdk8u25\1677\hotspot\src\share\vm\prims\jvm.cpp, line 1312]
Event: 62.127 Thread 0x0000000018fed800 Exception <a 'java/security/PrivilegedActionException'> (0x00000000d6050050) thrown at [D:\re\workspace\8-2-build-windows-amd64-cygwin\jdk8u25\1677\hotspot\src\share\vm\prims\jvm.cpp, line 1312]
Event: 62.128 Thread 0x0000000018fed800 Exception <a 'java/security/PrivilegedActionException'> (0x00000000d60552b8) thrown at [D:\re\workspace\8-2-build-windows-amd64-cygwin\jdk8u25\1677\hotspot\src\share\vm\prims\jvm.cpp, line 1312]
Event: 62.131 Thread 0x0000000018fed800 Exception <a 'java/security/PrivilegedActionException'> (0x00000000d605bee8) thrown at [D:\re\workspace\8-2-build-windows-amd64-cygwin\jdk8u25\1677\hotspot\src\share\vm\prims\jvm.cpp, line 1312]
Event: 62.132 Thread 0x0000000018fed800 Exception <a 'java/security/PrivilegedActionException'> (0x00000000d6062c70) thrown at [D:\re\workspace\8-2-build-windows-amd64-cygwin\jdk8u25\1677\hotspot\src\share\vm\prims\jvm.cpp, line 1312]
Event: 62.134 Thread 0x0000000018fed800 Exception <a 'java/security/PrivilegedActionException'> (0x00000000d606b370) thrown at [D:\re\workspace\8-2-build-windows-amd64-cygwin\jdk8u25\1677\hotspot\src\share\vm\prims\jvm.cpp, line 1312]
Event: 63.683 Thread 0x0000000018fed800 Exception <a 'java/lang/reflect/InvocationTargetException'> (0x00000000d6071178) thrown at [D:\re\workspace\8-2-build-windows-amd64-cygwin\jdk8u25\1677\hotspot\src\share\vm\runtime\reflection.cpp, line 1080]
Event: 71.953 Thread 0x0000000018fed800 Exception <a 'java/lang/RuntimeException'> (0x00000000d6071808) thrown at [D:\re\workspace\8-2-build-windows-amd64-cygwin\jdk8u25\1677\hotspot\src\share\vm\prims\jvm.cpp, line 1316]
Event: 71.988 Thread 0x0000000018fed800 Exception <a 'java/security/PrivilegedActionException'> (0x00000000d6083de0) thrown at [D:\re\workspace\8-2-build-windows-amd64-cygwin\jdk8u25\1677\hotspot\src\share\vm\prims\jvm.cpp, line 1312]

Events (10 events):
Event: 86.325 Thread 0x0000000018c4f000 flushing nmethod 0x00000000031be850
Event: 86.325 Thread 0x0000000018c4f000 flushing nmethod 0x00000000031bfbd0
Event: 86.325 Thread 0x0000000018c4f000 flushing nmethod 0x00000000031c2190
Event: 86.325 Thread 0x0000000018c4f000 flushing nmethod 0x00000000031c2c10
Event: 86.325 Thread 0x0000000018c4f000 flushing nmethod 0x00000000031c3010
Event: 86.325 Thread 0x0000000018c4f000 flushing nmethod 0x00000000031c6290
Event: 86.325 Thread 0x0000000018c4f000 flushing nmethod 0x00000000031c7150
Event: 86.325 Thread 0x0000000018c4f000 flushing nmethod 0x00000000031c8b10
Event: 134.007 Executing VM operation: RedefineClasses
Event: 134.104 Executing VM operation: RedefineClasses done


Dynamic libraries:
0x000000013fc50000 - 0x000000013fc84000 	C:\Program Files\Java\jre1.8.0_25\bin\javaw.exe
0x0000000077150000 - 0x00000000772f9000 	C:\Windows\SYSTEM32\ntdll.dll
0x0000000076f30000 - 0x000000007704f000 	C:\Windows\system32\kernel32.dll
0x000007fefd120000 - 0x000007fefd18c000 	C:\Windows\system32\KERNELBASE.dll
0x000007feff2e0000 - 0x000007feff3bb000 	C:\Windows\system32\ADVAPI32.dll
0x000007fefdc10000 - 0x000007fefdcaf000 	C:\Windows\system32\msvcrt.dll
0x000007feff440000 - 0x000007feff45f000 	C:\Windows\SYSTEM32\sechost.dll
0x000007fefd3e0000 - 0x000007fefd50d000 	C:\Windows\system32\RPCRT4.dll
0x0000000077050000 - 0x000000007714a000 	C:\Windows\system32\USER32.dll
0x000007fefd5b0000 - 0x000007fefd617000 	C:\Windows\system32\GDI32.dll
0x000007fefdcb0000 - 0x000007fefdcbe000 	C:\Windows\system32\LPK.dll
0x000007fefead0000 - 0x000007fefeb99000 	C:\Windows\system32\USP10.dll
0x000007fefb940000 - 0x000007fefbb34000 	C:\Windows\WinSxS\amd64_microsoft.windows.common-controls_6595b64144ccf1df_6.0.7601.17514_none_fa396087175ac9ac\COMCTL32.dll
0x000007fefea50000 - 0x000007fefeac1000 	C:\Windows\system32\SHLWAPI.dll
0x000007fefd7d0000 - 0x000007fefd7fe000 	C:\Windows\system32\IMM32.DLL
0x000007fefd6c0000 - 0x000007fefd7c9000 	C:\Windows\system32\MSCTF.dll
0x0000000052990000 - 0x0000000052a62000 	C:\Program Files\Java\jre1.8.0_25\bin\msvcr100.dll
0x000000005d780000 - 0x000000005dfda000 	C:\Program Files\Java\jre1.8.0_25\bin\server\jvm.dll
0x000007fef6750000 - 0x000007fef6759000 	C:\Windows\system32\WSOCK32.dll
0x000007fefedf0000 - 0x000007fefee3d000 	C:\Windows\system32\WS2_32.dll
0x000007fefd3d0000 - 0x000007fefd3d8000 	C:\Windows\system32\NSI.dll
0x000007fef9b20000 - 0x000007fef9b5b000 	C:\Windows\system32\WINMM.dll
0x0000000077320000 - 0x0000000077327000 	C:\Windows\system32\PSAPI.DLL
0x000000006f9a0000 - 0x000000006f9af000 	C:\Program Files\Java\jre1.8.0_25\bin\verify.dll
0x000000006ba50000 - 0x000000006ba78000 	C:\Program Files\Java\jre1.8.0_25\bin\java.dll
0x0000000052890000 - 0x00000000528c5000 	C:\Program Files\Java\jre1.8.0_25\bin\jdwp.dll
0x0000000052d10000 - 0x0000000052d18000 	C:\Program Files\Java\jre1.8.0_25\bin\npt.dll
0x000000006d0c0000 - 0x000000006d0d6000 	C:\Program Files\Java\jre1.8.0_25\bin\zip.dll
0x000007fefdcc0000 - 0x000007fefea48000 	C:\Windows\system32\SHELL32.dll
0x000007fefee40000 - 0x000007feff043000 	C:\Windows\system32\ole32.dll
0x000007fefcfa0000 - 0x000007fefcfaf000 	C:\Windows\system32\profapi.dll
0x0000000053170000 - 0x0000000053179000 	C:\Program Files\Java\jre1.8.0_25\bin\dt_socket.dll
0x000007fef88c0000 - 0x000007fef88d5000 	C:\Windows\system32\NLAapi.dll
0x000007feeff20000 - 0x000007feeff35000 	C:\Windows\system32\napinsp.dll
0x000007feefee0000 - 0x000007feefef9000 	C:\Windows\system32\pnrpnsp.dll
0x000007fefc730000 - 0x000007fefc785000 	C:\Windows\System32\mswsock.dll
0x000007fefc5b0000 - 0x000007fefc60b000 	C:\Windows\system32\DNSAPI.dll
0x000007feeff10000 - 0x000007feeff1b000 	C:\Windows\System32\winrnr.dll
0x000007feeff00000 - 0x000007feeff10000 	C:\Windows\system32\wshbth.dll
0x000007fef95d0000 - 0x000007fef95f7000 	C:\Windows\system32\IPHLPAPI.DLL
0x000007fef92d0000 - 0x000007fef92db000 	C:\Windows\system32\WINNSI.DLL
0x000007fef81f0000 - 0x000007fef8243000 	C:\Windows\System32\fwpuclnt.dll
0x000007fef6740000 - 0x000007fef6748000 	C:\Windows\system32\rasadhlp.dll
0x000007fefc0f0000 - 0x000007fefc0f7000 	C:\Windows\System32\wshtcpip.dll
0x00000000533d0000 - 0x00000000533fc000 	C:\Program Files\Java\jre1.8.0_25\bin\prism_d3d.dll
0x000007fef0a50000 - 0x000007fef0c4f000 	C:\Windows\system32\d3d9.dll
0x000007fefc020000 - 0x000007fefc02c000 	C:\Windows\system32\VERSION.dll
0x000007fef0a40000 - 0x000007fef0a47000 	C:\Windows\system32\d3d8thk.dll
0x000007fefb290000 - 0x000007fefb2a8000 	C:\Windows\system32\dwmapi.dll
0x000007fefb7f0000 - 0x000007fefb846000 	C:\Windows\system32\uxtheme.dll
0x000007fed1850000 - 0x000007fed3131000 	C:\Windows\system32\igdumdim64.dll
0x000007feec720000 - 0x000007feecb80000 	C:\Windows\system32\igdusc64.dll
0x0000000052d20000 - 0x0000000052d62000 	C:\Program Files\Java\jre1.8.0_25\bin\glass.dll
0x000007fefd620000 - 0x000007fefd6b7000 	C:\Windows\system32\COMDLG32.dll
0x000007fefeba0000 - 0x000007fefec77000 	C:\Windows\system32\OLEAUT32.dll
0x000007fefce30000 - 0x000007fefce3f000 	C:\Windows\system32\CRYPTBASE.dll
0x0000000052ad0000 - 0x0000000052ae5000 	C:\Program Files\Java\jre1.8.0_25\bin\javafx_font.dll
0x000007fef8c50000 - 0x000007fef8de6000 	C:\Windows\system32\dwrite.dll
0x000007fefd510000 - 0x000007fefd5a9000 	C:\Windows\system32\CLBCatQ.DLL
0x000007fefb0e0000 - 0x000007fefb241000 	C:\Windows\system32\WindowsCodecs.dll
0x000007fefcdd0000 - 0x000007fefce27000 	C:\Windows\system32\apphelp.dll
0x0000000070250000 - 0x0000000070266000 	C:\Program Files\Common Files\TortoiseOverlays\TortoiseOverlays.dll
0x0000000070230000 - 0x0000000070247000 	C:\Program Files\TortoiseSVN\bin\TortoiseStub.dll
0x000000006e410000 - 0x000000006e48d000 	C:\Program Files\TortoiseSVN\bin\TortoiseSVN.dll
0x000007fefd800000 - 0x000007fefda2c000 	C:\Windows\system32\WININET.dll
0x000007fefd090000 - 0x000007fefd094000 	C:\Windows\system32\api-ms-win-downlevel-user32-l1-1-0.dll
0x000007fefd0f0000 - 0x000007fefd0f5000 	C:\Windows\system32\api-ms-win-downlevel-advapi32-l1-1-0.dll
0x000007fefd0a0000 - 0x000007fefd0a4000 	C:\Windows\system32\api-ms-win-downlevel-shlwapi-l1-1-0.dll
0x000007fefcfb0000 - 0x000007fefcfb4000 	C:\Windows\system32\api-ms-win-downlevel-version-l1-1-0.dll
0x000007fefd190000 - 0x000007fefd193000 	C:\Windows\system32\api-ms-win-downlevel-normaliz-l1-1-0.dll
0x0000000077310000 - 0x0000000077313000 	C:\Windows\system32\normaliz.DLL
0x000007feff050000 - 0x000007feff2de000 	C:\Windows\system32\iertutil.dll
0x000007fefd100000 - 0x000007fefd11e000 	C:\Windows\system32\USERENV.dll
0x000007feebc60000 - 0x000007feec0e7000 	C:\Program Files\TortoiseSVN\bin\libsvn_tsvn.dll
0x0000000070180000 - 0x00000000701ae000 	C:\Program Files\TortoiseSVN\bin\libapr_tsvn.dll
0x000007feec3b0000 - 0x000007feec484000 	C:\Windows\system32\MSVCR110.dll
0x000000006e3c0000 - 0x000000006e405000 	C:\Program Files\TortoiseSVN\bin\libaprutil_tsvn.dll
0x000007feff3e0000 - 0x000007feff432000 	C:\Windows\system32\WLDAP32.dll
0x000007feefcb0000 - 0x000007feefcc1000 	C:\Program Files\TortoiseSVN\bin\intl3_tsvn.dll
0x000007feefc90000 - 0x000007feefca9000 	C:\Program Files\TortoiseSVN\bin\libsasl.dll
0x000007fefcd40000 - 0x000007fefcd4b000 	C:\Windows\system32\Secur32.dll
0x000007fefcda0000 - 0x000007fefcdc5000 	C:\Windows\system32\SSPICLI.DLL
0x000007fefd1e0000 - 0x000007fefd34c000 	C:\Windows\system32\CRYPT32.dll
0x000007fefcf90000 - 0x000007fefcf9f000 	C:\Windows\system32\MSASN1.dll
0x000007feec300000 - 0x000007feec3a7000 	C:\Windows\system32\MSVCP110.dll
0x000007feeba50000 - 0x000007feebc5d000 	C:\Program Files\TortoiseSVN\bin\crshhndl.dll
0x000007feefc10000 - 0x000007feefc45000 	C:\Windows\system32\EhStorShell.dll
0x000007fefda30000 - 0x000007fefdc07000 	C:\Windows\system32\SETUPAPI.dll
0x000007fefd0b0000 - 0x000007fefd0e6000 	C:\Windows\system32\CFGMGR32.dll
0x000007fefcfc0000 - 0x000007fefcfda000 	C:\Windows\system32\DEVOBJ.dll
0x000007fefb2b0000 - 0x000007fefb3dc000 	C:\Windows\system32\PROPSYS.dll
0x000007feeb3e0000 - 0x000007feeba4f000 	C:\PROGRA~1\MIF5BA~1\Office14\GROOVEEX.DLL
0x0000000072ca0000 - 0x0000000072d3d000 	C:\Windows\WinSxS\amd64_microsoft.vc90.crt_1fc8b3b9a1e18e3b_9.0.30729.4940_none_08e4299fa83d7e3c\MSVCR90.dll
0x000000006e2e0000 - 0x000000006e3b3000 	C:\Windows\WinSxS\amd64_microsoft.vc90.crt_1fc8b3b9a1e18e3b_9.0.30729.4940_none_08e4299fa83d7e3c\MSVCP90.dll
0x0000000070150000 - 0x000000007017f000 	C:\Windows\WinSxS\amd64_microsoft.vc90.atl_1fc8b3b9a1e18e3b_9.0.30729.4148_none_0a1d2fcba76b3f00\ATL90.DLL
0x000007fee9340000 - 0x000007fee975a000 	C:\PROGRA~1\COMMON~1\MICROS~1\OFFICE14\Cultures\office.odf
0x000007fee8ac0000 - 0x000007fee933b000 	C:\PROGRA~1\MIF5BA~1\Office14\1046\GrooveIntlResource.dll
0x000007fef07e0000 - 0x000007fef080d000 	C:\Program Files\Common Files\Microsoft Shared\Ink\rtscom.dll
0x0000000052ab0000 - 0x0000000052ac1000 	C:\Program Files\Java\jre1.8.0_25\bin\prism_common.dll
0x000000006ba90000 - 0x000000006baaa000 	C:\Program Files\Java\jre1.8.0_25\bin\net.dll
0x000007fefc720000 - 0x000007fefc727000 	C:\Windows\System32\wship6.dll
0x000007fefc790000 - 0x000007fefc7a7000 	C:\Windows\system32\CRYPTSP.dll
0x000007fefc490000 - 0x000007fefc4d7000 	C:\Windows\system32\rsaenh.dll
0x000007fef7f90000 - 0x000007fef7fa8000 	C:\Windows\system32\dhcpcsvc.DLL
0x000007fef7ef0000 - 0x000007fef7f01000 	C:\Windows\system32\dhcpcsvc6.DLL
0x000000006b9c0000 - 0x000000006b9d1000 	C:\Program Files\Java\jre1.8.0_25\bin\nio.dll
0x000007fef93d0000 - 0x000007fef94f5000 	C:\Windows\system32\dbghelp.dll

VM Arguments:
jvm_args: -agentlib:jdwp=transport=dt_socket,suspend=y,address=localhost:59387 -Dfile.encoding=Cp1252 
java_command: application.Main
java_class_path (initial): C:\projeto-representante\ProjetoRepresentante\bin;C:\eclipse-SDK-4.4-win32-x86_64-efx-1.1.0\eclipse\plugins\org.eclipse.fx.ide.css.jfx8_1.1.0.201411050807.jar;C:\eclipse-SDK-4.4-win32-x86_64-efx-1.1.0\libs\postgresql-9.3-1102.jdbc41.jar;C:\eclipse-SDK-4.4-win32-x86_64-efx-1.1.0\libs\controlsfx 8\controlsfx-8.20.8.jar;C:\eclipse-SDK-4.4-win32-x86_64-efx-1.1.0\libs\controlsfx 8\controlsfx-samples-8.20.8.jar;C:\eclipse-SDK-4.4-win32-x86_64-efx-1.1.0\libs\controlsfx 8\fxsampler-1.0.8.jar;C:\eclipse-SDK-4.4-win32-x86_64-efx-1.1.0\libs\controlsfx 8\openjfx-dialogs-1.0.2.jar;C:\eclipse-SDK-4.4-win32-x86_64-efx-1.1.0\libs\hibernate-release-4.3.7.Final\lib\envers\hibernate-envers-4.3.7.Final.jar;C:\eclipse-SDK-4.4-win32-x86_64-efx-1.1.0\libs\hibernate-release-4.3.7.Final\lib\jpa\hibernate-entitymanager-4.3.7.Final.jar;C:\eclipse-SDK-4.4-win32-x86_64-efx-1.1.0\libs\hibernate-release-4.3.7.Final\lib\jpa-metamodel-generator\hibernate-jpamodelgen-4.3.7.Final.jar;C:\eclipse-SDK-4.4-win32-x86_64-efx-1.1.0\libs\hibernate-release-4.3.7.Final\lib\osgi\hibernate-osgi-4.3.7.Final.jar;C:\eclipse-SDK-4.4-win32-x86_64-efx-1.1.0\libs\hibernate-release-4.3.7.Final\lib\osgi\org.osgi.compendium-4.3.1.jar;C:\eclipse-SDK-4.4-win32-x86_64-efx-1.1.0\libs\hibernate-release-4.3.7.Final\lib\osgi\org.osgi.core-4.3.1.jar;C:\eclipse-SDK-4.4-win32-x86_64-efx-1.1.0\libs\hibernate-release-4.3.7.Final\lib\required\antlr-2.7.7.jar;C:\eclipse-SDK-4.4-win32-x86_64-efx-1.1.0\libs\hibernate-release-4.3.7.Final\lib\required\dom4j-1.6.1.jar;C:\eclipse-SDK-4.4-win32-x86_64-efx-1.1.0\libs\hibernate-release-4.3.7.Final\lib\required\hibernate-commons-annotations-4.0.5.Final.jar;C:\eclipse-SDK-4.4-win32-x86_64-efx-1.1.0\libs\hibernate-release-4.3.7.Final\lib\required\hibernate-core-4.3.7.Final.jar;C:\eclipse-SDK-4.4-win32-x86_64-efx-1.1.0\libs\hibernate-release-4.3.7.Final\lib\required\hibernate-jpa-2.1-api-1.0.0.Final.jar;C:\eclipse-SDK-4.4-win32-x86_64-efx-1.1.0\libs\hibernate-release-4.
Launcher Type: SUN_STANDARD

Environment Variables:
JAVA_HOME=C:\Program Files\Java\jdk1.8.0_25
PATH=C:/Program Files/Java/jre1.8.0_25/bin/server;C:/Program Files/Java/jre1.8.0_25/bin;C:/Program Files/Java/jre1.8.0_25/lib/amd64;C:\Program Files\Java\jre1.8.0_25\bin;C:\Program Files\PostgreSQL\9.3\bin;C:\ProgramData\Oracle\Java\javapath;P:\;M:\;Z:\;G:\bin;C:\Program Files\Common Files\Microsoft Shared\Microsoft Online Services;C:\Program Files (x86)\Common Files\Microsoft Shared\Microsoft Online Services;C:\oraclexe\app\oracle\product\10.2.0\server\bin;C:\Program Files (x86)\Intel\iCLS Client\;C:\Program Files\Intel\iCLS Client\;C:\Windows\system32;C:\Windows;C:\Windows\System32\Wbem;C:\Windows\System32\WindowsPowerShell\v1.0\;C:\Program Files\Intel\Intel(R) Management Engine Components\DAL;C:\Program Files\Intel\Intel(R) Management Engine Components\IPT;C:\Program Files (x86)\Intel\Intel(R) Management Engine Components\DAL;C:\Program Files (x86)\Intel\Intel(R) Management Engine Components\IPT;C:\Program Files (x86)\cvsnt;c:\Program Files (x86)\Microsoft SQL Server\100\Tools\Binn\;c:\Program Files\Microsoft SQL Server\100\Tools\Binn\;c:\Program Files\Microsoft SQL Server\100\DTS\Binn\;c:\Program Files (x86)\Microsoft SQL Server\100\Tools\Binn\VSShell\Common7\IDE\;c:\Program Files (x86)\Microsoft Visual Studio 9.0\Common7\IDE\PrivateAssemblies\;c:\Program Files (x86)\Microsoft SQL Server\100\DTS\Binn\;C:\PROGRA~2\Groovy\GROOVY~1.8\bin;C:\Program Files\TortoiseSVN\bin;C:\eclipse-SDK-4.4-win32-x86_64-efx-1.1.0\eclipse;
USERNAME=alexandre.busarello
OS=Windows_NT
PROCESSOR_IDENTIFIER=Intel64 Family 6 Model 60 Stepping 3, GenuineIntel



---------------  S Y S T E M  ---------------

OS: Windows 7 , 64 bit Build 7601 Service Pack 1

CPU:total 4 (2 cores per cpu, 2 threads per core) family 6 model 60 stepping 3, cmov, cx8, fxsr, mmx, sse, sse2, sse3, ssse3, sse4.1, sse4.2, popcnt, avx, avx2, aes, clmul, erms, lzcnt, ht, tsc, tscinvbit, bmi1, bmi2

Memory: 4k page, physical 8291824k(2094164k free), swap 16581784k(8208928k free)

vm_info: Java HotSpot(TM) 64-Bit Server VM (25.25-b02) for windows-amd64 JRE (1.8.0_25-b18), built on Oct  7 2014 14:25:37 by "java_re" with MS VC++ 10.0 (VS2010)

time: Fri Dec 26 15:49:10 2014
elapsed time: 134 seconds (0d 0h 2m 14s)

